#
# A fatal error has been detected by the Java Runtime Environment:
#
#  EXCEPTION_ACCESS_VIOLATION (0xc0000005) at pc=0x000000005d206390, pid=3484, tid=3400
#
# JRE version: Java(TM) SE Runtime Environment (8.0_25-b18) (build 1.8.0_25-b18)
# Java VM: Java HotSpot(TM) 64-Bit Server VM (25.25-b02 mixed mode windows-amd64 compressed oops)
# Problematic frame:
# C  [nvoglv64.DLL+0x9c6390]
#
# Failed to write core dump. Minidumps are not enabled by default on client versions of Windows
#
# If you would like to submit a bug report, please visit:
#   http://bugreport.sun.com/bugreport/crash.jsp
# The crash happened outside the Java Virtual Machine in native code.
# See problematic frame for where to report the bug.
#

---------------  T H R E A D  ---------------

Current thread (0x000000005be05000):  JavaThread "Thread-2" [_thread_in_native, id=3400, stack(0x000000005c740000,0x000000005c840000)]

siginfo: ExceptionCode=0xc0000005, reading address 0x0000000000000000

Registers:
RAX=0x0000000000000006, RBX=0x000000005efb2a34, RCX=0x0000000000000000, RDX=0x000000005eaf0800
RSP=0x000000005c83ee38, RBP=0x0000000000000001, RSI=0x000000005eaf06f0, RDI=0x0000000000000000
R8 =0xffffffffa104d5cc, R9 =0x000000005efb2a34, R10=0x000000005c840000, R11=0x000000005c83ee90
R12=0x0000000000000000, R13=0x0000000000000007, R14=0x0000000000000000, R15=0x000000005be05000
RIP=0x000000005d206390, EFLAGS=0x0000000000010297

Top of Stack: (sp=0x000000005c83ee38)
0x000000005c83ee38:   000000005d20621b 00000009fbd6a3a4
0x000000005c83ee48:   0000000065f1ab1c 0000000000000000
0x000000005c83ee58:   0000000065ee613b 0000000000000000
0x000000005c83ee68:   000000005d2055ac 000000005eaf0080
0x000000005c83ee78:   0000000000000004 0000000000000010
0x000000005c83ee88:   0000000000000000 0000000000000003
0x000000005c83ee98:   0000000200000000 0000000000000000
0x000000005c83eea8:   0000000000000100 0000000000000000
0x000000005c83eeb8:   0000000000000000 0000000000000000
0x000000005c83eec8:   0000000100000000 0000000400000002
0x000000005c83eed8:   0000001000000008 0000004000000020
0x000000005c83eee8:   0000010000000080 0000040000000200
0x000000005c83eef8:   0000100000000800 0000400000002000
0x000000005c83ef08:   0000000000008000 0000000000000000
0x000000005c83ef18:   0000140600000004 0000000000000010
0x000000005c83ef28:   0000000000000000 0000140600000003 

Instructions: (pc=0x000000005d206390)
0x000000005d206370:   43 0f b6 04 01 ff c1 4d 8d 49 01 41 88 41 ff 3b
0x000000005d206380:   4a 08 7c ec c3 33 c9 39 4a 08 7e 67 4d 2b c1 90
0x000000005d206390:   43 8b 04 01 ff c1 4d 8d 49 04 41 89 41 fc 3b 4a
0x000000005d2063a0:   08 7c ed c3 3d 0e 14 00 00 72 48 3d 0f 14 00 00 


Register to memory mapping:

RAX=0x0000000000000006 is an unknown value
RBX=0x000000005efb2a34 is an unknown value
RCX=0x0000000000000000 is an unknown value
RDX=0x000000005eaf0800 is an unknown value
RSP=0x000000005c83ee38 is pointing into the stack for thread: 0x000000005be05000
RBP=0x0000000000000001 is an unknown value
RSI=0x000000005eaf06f0 is an unknown value
RDI=0x0000000000000000 is an unknown value
R8 =0xffffffffa104d5cc is an unknown value
R9 =0x000000005efb2a34 is an unknown value
R10=0x000000005c840000 is pointing into the stack for thread: 0x000000005be05000
R11=0x000000005c83ee90 is pointing into the stack for thread: 0x000000005be05000
R12=0x0000000000000000 is an unknown value
R13=0x0000000000000007 is an unknown value
R14=0x0000000000000000 is an unknown value
R15=0x000000005be05000 is a thread


Stack: [0x000000005c740000,0x000000005c840000],  sp=0x000000005c83ee38,  free space=1019k
Native frames: (J=compiled Java code, j=interpreted, Vv=VM code, C=native code)
C  [nvoglv64.DLL+0x9c6390]

Java frames: (J=compiled Java code, j=interpreted, Vv=VM code)
j  org.lwjgl.opengl.GL11.nglDrawArrays(IIIJ)V+0
j  org.lwjgl.opengl.GL11.glDrawArrays(III)V+20
j  braynstorm.mpduels.client.utils.Rectangle.render()V+93
j  braynstorm.mpduels.client.gui.GUIGameWindow.run()V+188
j  java.lang.Thread.run()V+11
v  ~StubRoutines::call_stub

---------------  P R O C E S S  ---------------

Java Threads: ( => current thread )
=>0x000000005be05000 JavaThread "Thread-2" [_thread_in_native, id=3400, stack(0x000000005c740000,0x000000005c840000)]
  0x00000000578b6800 JavaThread "TimerQueue" daemon [_thread_blocked, id=700, stack(0x000000005bcd0000,0x000000005bdd0000)]
  0x0000000057863000 JavaThread "D3D Screen Updater" daemon [_thread_blocked, id=3564, stack(0x000000005b630000,0x000000005b730000)]
  0x0000000001d1e000 JavaThread "DestroyJavaVM" [_thread_blocked, id=4636, stack(0x0000000002340000,0x0000000002440000)]
  0x00000000577b4000 JavaThread "AWT-EventQueue-0" [_thread_blocked, id=4048, stack(0x0000000058400000,0x0000000058500000)]
  0x00000000577ac800 JavaThread "AWT-Windows" daemon [_thread_in_native, id=3656, stack(0x0000000057ff0000,0x00000000580f0000)]
  0x00000000577a9800 JavaThread "AWT-Shutdown" [_thread_blocked, id=1860, stack(0x0000000057e50000,0x0000000057f50000)]
  0x000000005777b800 JavaThread "Java2D Disposer" daemon [_thread_blocked, id=4896, stack(0x0000000057d20000,0x0000000057e20000)]
  0x00000000560fe800 JavaThread "Service Thread" daemon [_thread_blocked, id=860, stack(0x0000000057910000,0x0000000057a10000)]
  0x00000000560a2000 JavaThread "C1 CompilerThread1" daemon [_thread_blocked, id=4544, stack(0x00000000573c0000,0x00000000574c0000)]
  0x000000005609e000 JavaThread "C2 CompilerThread0" daemon [_thread_blocked, id=2156, stack(0x0000000057260000,0x0000000057360000)]
  0x0000000056099800 JavaThread "Attach Listener" daemon [_thread_blocked, id=5004, stack(0x00000000570a0000,0x00000000571a0000)]
  0x0000000056098000 JavaThread "Signal Dispatcher" daemon [_thread_blocked, id=4700, stack(0x0000000056ec0000,0x0000000056fc0000)]
  0x0000000056032800 JavaThread "Finalizer" daemon [_thread_blocked, id=2316, stack(0x0000000056d60000,0x0000000056e60000)]
  0x0000000056031000 JavaThread "Reference Handler" daemon [_thread_blocked, id=4804, stack(0x0000000056bd0000,0x0000000056cd0000)]

Other Threads:
  0x000000005602b800 VMThread [stack: 0x00000000569e0000,0x0000000056ae0000] [id=4628]
  0x00000000574c4000 WatcherThread [stack: 0x0000000057b30000,0x0000000057c30000] [id=5100]

VM state:not at safepoint (normal execution)

VM Mutex/Monitor currently owned by a thread: None

Heap:
 PSYoungGen      total 28672K, used 10991K [0x00000000e0000000, 0x00000000e2000000, 0x0000000100000000)
  eden space 24576K, 44% used [0x00000000e0000000,0x00000000e0abbcb0,0x00000000e1800000)
  from space 4096K, 0% used [0x00000000e1c00000,0x00000000e1c00000,0x00000000e2000000)
  to   space 4096K, 0% used [0x00000000e1800000,0x00000000e1800000,0x00000000e1c00000)
 ParOldGen       total 65536K, used 0K [0x00000000a0000000, 0x00000000a4000000, 0x00000000e0000000)
  object space 65536K, 0% used [0x00000000a0000000,0x00000000a0000000,0x00000000a4000000)
 Metaspace       used 11795K, capacity 11949K, committed 12032K, reserved 1060864K
  class space    used 1452K, capacity 1503K, committed 1536K, reserved 1048576K

Card table byte_map: [0x0000000011ad0000,0x0000000011de0000] byte_map_base: 0x00000000115d0000

Marking Bits: (ParMarkBitMap*) 0x00000000665dd490
 Begin Bits: [0x0000000012400000, 0x0000000013c00000)
 End Bits:   [0x0000000013c00000, 0x0000000015400000)

Polling page: 0x0000000000220000

CodeCache: size=245760Kb used=2588Kb max_used=2596Kb free=243171Kb
 bounds [0x0000000002710000, 0x00000000029a0000, 0x0000000011710000]
 total_blobs=1332 nmethods=751 adapters=496
 compilation: enabled

Compilation events (10 events):
Event: 2.980 Thread 0x00000000560a2000  745  s    3       java.lang.Throwable::fillInStackTrace (29 bytes)
Event: 2.980 Thread 0x00000000560a2000 nmethod 745 0x0000000002991910 code [0x0000000002991a80, 0x0000000002991e28]
Event: 2.987 Thread 0x000000005609e000  747       4       java.nio.Buffer::position (43 bytes)
Event: 2.988 Thread 0x000000005609e000 nmethod 747 0x00000000029916d0 code [0x0000000002991800, 0x0000000002991878]
Event: 2.992 Thread 0x00000000560a2000  749       3       java.nio.DirectByteBuffer::get (16 bytes)
Event: 2.992 Thread 0x00000000560a2000 nmethod 749 0x0000000002998dd0 code [0x0000000002998f40, 0x00000000029991b0]
Event: 2.992 Thread 0x00000000560a2000  750       1       java.nio.DirectByteBuffer::ix (10 bytes)
Event: 2.992 Thread 0x00000000560a2000 nmethod 750 0x0000000002998b10 code [0x0000000002998c60, 0x0000000002998d70]
Event: 2.993 Thread 0x000000005609e000  751       4       java.util.Arrays::copyOfRange (63 bytes)
Event: 2.995 Thread 0x000000005609e000 nmethod 751 0x0000000002997190 code [0x00000000029972e0, 0x00000000029974d8]

GC Heap History (0 events):
No events

Deoptimization events (0 events):
No events

Internal exceptions (10 events):
Event: 2.973 Thread 0x000000005be05000 Exception <a 'java/security/PrivilegedActionException'> (0x00000000e0a3bd48) thrown at [D:\re\workspace\8-2-build-windows-amd64-cygwin\jdk8u25\1677\hotspot\src\share\vm\prims\jvm.cpp, line 1312]
Event: 2.973 Thread 0x000000005be05000 Exception <a 'java/security/PrivilegedActionException'> (0x00000000e0a3dd90) thrown at [D:\re\workspace\8-2-build-windows-amd64-cygwin\jdk8u25\1677\hotspot\src\share\vm\prims\jvm.cpp, line 1312]
Event: 2.976 Thread 0x000000005be05000 Exception <a 'java/security/PrivilegedActionException'> (0x00000000e0a615e8) thrown at [D:\re\workspace\8-2-build-windows-amd64-cygwin\jdk8u25\1677\hotspot\src\share\vm\prims\jvm.cpp, line 1312]
Event: 2.977 Thread 0x000000005be05000 Exception <a 'java/security/PrivilegedActionException'> (0x00000000e0a677b0) thrown at [D:\re\workspace\8-2-build-windows-amd64-cygwin\jdk8u25\1677\hotspot\src\share\vm\prims\jvm.cpp, line 1312]
Event: 2.977 Thread 0x000000005be05000 Exception <a 'java/security/PrivilegedActionException'> (0x00000000e0a6bae0) thrown at [D:\re\workspace\8-2-build-windows-amd64-cygwin\jdk8u25\1677\hotspot\src\share\vm\prims\jvm.cpp, line 1312]
Event: 2.978 Thread 0x000000005be05000 Exception <a 'java/security/PrivilegedActionException'> (0x00000000e0a71ea8) thrown at [D:\re\workspace\8-2-build-windows-amd64-cygwin\jdk8u25\1677\hotspot\src\share\vm\prims\jvm.cpp, line 1312]
Event: 2.980 Thread 0x000000005be05000 Exception <a 'java/security/PrivilegedActionException'> (0x00000000e0a7f138) thrown at [D:\re\workspace\8-2-build-windows-amd64-cygwin\jdk8u25\1677\hotspot\src\share\vm\prims\jvm.cpp, line 1312]
Event: 2.982 Thread 0x000000005be05000 Exception <a 'java/security/PrivilegedActionException'> (0x00000000e0a8c9c8) thrown at [D:\re\workspace\8-2-build-windows-amd64-cygwin\jdk8u25\1677\hotspot\src\share\vm\prims\jvm.cpp, line 1312]
Event: 2.993 Thread 0x000000005be05000 Exception <a 'java/security/PrivilegedActionException'> (0x00000000e0a92158) thrown at [D:\re\workspace\8-2-build-windows-amd64-cygwin\jdk8u25\1677\hotspot\src\share\vm\prims\jvm.cpp, line 1312]
Event: 2.995 Thread 0x000000005be05000 Exception <a 'java/security/PrivilegedActionException'> (0x00000000e0a9b700) thrown at [D:\re\workspace\8-2-build-windows-amd64-cygwin\jdk8u25\1677\hotspot\src\share\vm\prims\jvm.cpp, line 1312]

Events (10 events):
Event: 2.981 loading class java/util/zip/DataFormatException
Event: 2.981 loading class java/util/zip/DataFormatException done
Event: 2.981 loading class java/io/EOFException
Event: 2.981 loading class java/io/EOFException done
Event: 2.982 loading class org/newdawn/slick/opengl/PNGDecoder$Format
Event: 2.982 loading class org/newdawn/slick/opengl/PNGDecoder$Format done
Event: 2.993 loading class org/lwjgl/opengl/GLChecks
Event: 2.993 loading class org/lwjgl/opengl/GLChecks done
Event: 2.995 loading class org/lwjgl/opengl/GL15
Event: 2.995 loading class org/lwjgl/opengl/GL15 done


Dynamic libraries:
0x000000013f2b0000 - 0x000000013f2e4000 	C:\Program Files\Java\jre1.8.0_25\bin\javaw.exe
0x0000000077730000 - 0x00000000778d9000 	C:\Windows\SYSTEM32\ntdll.dll
0x0000000077300000 - 0x000000007741f000 	C:\Windows\system32\kernel32.dll
0x000007fefdc40000 - 0x000007fefdcac000 	C:\Windows\system32\KERNELBASE.dll
0x000007fefe200000 - 0x000007fefe2db000 	C:\Windows\system32\ADVAPI32.dll
0x000007feff8c0000 - 0x000007feff95f000 	C:\Windows\system32\msvcrt.dll
0x000007feff880000 - 0x000007feff89f000 	C:\Windows\SYSTEM32\sechost.dll
0x000007fefe950000 - 0x000007fefea7d000 	C:\Windows\system32\RPCRT4.dll
0x0000000077630000 - 0x000000007772a000 	C:\Windows\system32\USER32.dll
0x000007fefea80000 - 0x000007fefeae7000 	C:\Windows\system32\GDI32.dll
0x000007fefe940000 - 0x000007fefe94e000 	C:\Windows\system32\LPK.dll
0x000007fefe2e0000 - 0x000007fefe3a9000 	C:\Windows\system32\USP10.dll
0x000007fefc610000 - 0x000007fefc804000 	C:\Windows\WinSxS\amd64_microsoft.windows.common-controls_6595b64144ccf1df_6.0.7601.17514_none_fa396087175ac9ac\COMCTL32.dll
0x000007fefe8c0000 - 0x000007fefe931000 	C:\Windows\system32\SHLWAPI.dll
0x000007fefdfe0000 - 0x000007fefe00e000 	C:\Windows\system32\IMM32.DLL
0x000007fefe660000 - 0x000007fefe769000 	C:\Windows\system32\MSCTF.dll
0x0000000069950000 - 0x0000000069a22000 	C:\Program Files\Java\jre1.8.0_25\bin\msvcr100.dll
0x0000000065e00000 - 0x000000006665a000 	C:\Program Files\Java\jre1.8.0_25\bin\server\jvm.dll
0x000007fef0230000 - 0x000007fef0239000 	C:\Windows\system32\WSOCK32.dll
0x000007fefe870000 - 0x000007fefe8bd000 	C:\Windows\system32\WS2_32.dll
0x000007fefe010000 - 0x000007fefe018000 	C:\Windows\system32\NSI.dll
0x000007fefb050000 - 0x000007fefb08b000 	C:\Windows\system32\WINMM.dll
0x00000000778f0000 - 0x00000000778f7000 	C:\Windows\system32\PSAPI.DLL
0x000000006a070000 - 0x000000006a07f000 	C:\Program Files\Java\jre1.8.0_25\bin\verify.dll
0x0000000069a80000 - 0x0000000069aa8000 	C:\Program Files\Java\jre1.8.0_25\bin\java.dll
0x0000000069930000 - 0x0000000069946000 	C:\Program Files\Java\jre1.8.0_25\bin\zip.dll
0x000007fefeaf0000 - 0x000007feff878000 	C:\Windows\system32\SHELL32.dll
0x000007fefe3b0000 - 0x000007fefe5b3000 	C:\Windows\system32\ole32.dll
0x000007fefdb90000 - 0x000007fefdb9f000 	C:\Windows\system32\profapi.dll
0x0000000059ed0000 - 0x000000005a068000 	C:\Program Files\Java\jre1.8.0_25\bin\awt.dll
0x000007feff960000 - 0x000007feffa37000 	C:\Windows\system32\OLEAUT32.dll
0x000007fefc460000 - 0x000007fefc4b6000 	C:\Windows\system32\uxtheme.dll
0x000007fefc030000 - 0x000007fefc048000 	C:\Windows\system32\dwmapi.dll
0x000007fefdac0000 - 0x000007fefdacf000 	C:\Windows\system32\CRYPTBASE.dll
0x000007fef2a30000 - 0x000007fef2c2f000 	C:\Windows\system32\d3d9.dll
0x000007fefccd0000 - 0x000007fefccdc000 	C:\Windows\system32\VERSION.dll
0x000007fef2fe0000 - 0x000007fef2fe7000 	C:\Windows\system32\d3d8thk.dll
0x000007fee9c80000 - 0x000007feead67000 	C:\Windows\system32\nvd3dumx.dll
0x0000000180000000 - 0x0000000180129000 	C:\Windows\system32\nvspcap64.dll
0x000007fefdd10000 - 0x000007fefde77000 	C:\Windows\system32\CRYPT32.dll
0x000007fefdc30000 - 0x000007fefdc3f000 	C:\Windows\system32\MSASN1.dll
0x000007fefad30000 - 0x000007fefb049000 	C:\Windows\system32\nvapi64.dll
0x000007fefe020000 - 0x000007fefe1f7000 	C:\Windows\system32\SETUPAPI.dll
0x000007fefdcb0000 - 0x000007fefdce6000 	C:\Windows\system32\CFGMGR32.dll
0x000007fefdcf0000 - 0x000007fefdd0a000 	C:\Windows\system32\DEVOBJ.dll
0x000007fefbd60000 - 0x000007fefbd8c000 	C:\Windows\system32\powrprof.dll
0x000007feec880000 - 0x000007feec9e8000 	C:\Program Files (x86)\NVIDIA Corporation\3D Vision\nvSCPAPI64.dll
0x000007fefde80000 - 0x000007fefdeba000 	C:\Windows\system32\WINTRUST.dll
0x00000000638a0000 - 0x00000000638e7000 	C:\Program Files\Java\jre1.8.0_25\bin\fontmanager.dll
0x00000000698e0000 - 0x00000000698fa000 	C:\Program Files\Java\jre1.8.0_25\bin\net.dll
0x000007fefd3c0000 - 0x000007fefd415000 	C:\Windows\system32\mswsock.dll
0x000007fefd3b0000 - 0x000007fefd3b7000 	C:\Windows\System32\wship6.dll
0x00000000698c0000 - 0x00000000698d1000 	C:\Program Files\Java\jre1.8.0_25\bin\nio.dll
0x000007fefe7d0000 - 0x000007fefe869000 	C:\Windows\system32\CLBCatQ.DLL
0x000007fefbe40000 - 0x000007fefbf6a000 	C:\Windows\system32\WindowsCodecs.dll
0x000007fefda60000 - 0x000007fefdab7000 	C:\Windows\system32\apphelp.dll
0x000007fef9160000 - 0x000007fef918b000 	C:\Users\BlueForce\AppData\Roaming\Dropbox\bin\DropboxExt64.24.dll
0x000007fef9030000 - 0x000007fef9155000 	C:\Windows\system32\dbghelp.dll
0x0000000072100000 - 0x00000000721d3000 	C:\Windows\WinSxS\amd64_microsoft.vc90.crt_1fc8b3b9a1e18e3b_9.0.30729.4940_none_08e4299fa83d7e3c\MSVCP90.dll
0x0000000071dd0000 - 0x0000000071e6d000 	C:\Windows\WinSxS\amd64_microsoft.vc90.crt_1fc8b3b9a1e18e3b_9.0.30729.4940_none_08e4299fa83d7e3c\MSVCR90.dll
0x0000000071cc0000 - 0x0000000071d60000 	C:\Program Files\AVAST Software\Avast\ashShA64.dll
0x000007fefa240000 - 0x000007fefa556000 	C:\Windows\system32\msi.dll
0x000007fefa080000 - 0x000007fefa0b5000 	C:\Windows\system32\EhStorShell.dll
0x000007fefc4c0000 - 0x000007fefc5ec000 	C:\Windows\system32\PROPSYS.dll
0x000007fefa000000 - 0x000007fefa07e000 	C:\Windows\System32\cscui.dll
0x000007fef9ff0000 - 0x000007fef9ffc000 	C:\Windows\System32\CSCDLL.dll
0x000007fef9fe0000 - 0x000007fef9fef000 	C:\Windows\system32\CSCAPI.dll
0x0000000063be0000 - 0x0000000063c21000 	C:\Program Files\Java\jre1.8.0_25\bin\t2k.dll
0x0000000056fc0000 - 0x0000000057011000 	E:\Development\JavaWorkspace\MultiplayerDuels\LWJGL\native\windows\lwjgl64.dll
0x000007feec510000 - 0x000007feec62d000 	C:\Windows\system32\OPENGL32.dll
0x000007fef58f0000 - 0x000007fef591d000 	C:\Windows\system32\GLU32.dll
0x000007feec410000 - 0x000007feec501000 	C:\Windows\system32\DDRAW.dll
0x000007fefbfe0000 - 0x000007fefbfe8000 	C:\Windows\system32\DCIMAN32.dll
0x000000005c840000 - 0x000000005e67c000 	C:\Windows\system32\nvoglv64.DLL
0x000007fefb980000 - 0x000007fefb9ad000 	C:\Windows\system32\ntmarta.dll
0x000007fefe770000 - 0x000007fefe7c2000 	C:\Windows\system32\WLDAP32.dll
0x000007fefb0e0000 - 0x000007fefb17c000 	C:\Windows\system32\mscms.dll
0x000007fefcee0000 - 0x000007fefcefe000 	C:\Windows\system32\USERENV.dll
0x000007feedc50000 - 0x000007feedc92000 	C:\Windows\system32\icm32.dll

VM Arguments:
jvm_args: -Djava.library.path=E:\Development\JavaWorkspace\MultiplayerDuels\LWJGL\native\windows -Dfile.encoding=Cp1251 
java_command: braynstorm.mpduels.client.StartClient
java_class_path (initial): E:\Development\JavaWorkspace\MultiplayerDuels\bin;E:\Development\JavaWorkspace\MultiplayerDuels\LWJGL\jar\AppleJavaExtensions.jar;E:\Development\JavaWorkspace\MultiplayerDuels\LWJGL\jar\asm-debug-all.jar;E:\Development\JavaWorkspace\MultiplayerDuels\LWJGL\jar\jinput.jar;E:\Development\JavaWorkspace\MultiplayerDuels\LWJGL\jar\lwjgl_test.jar;E:\Development\JavaWorkspace\MultiplayerDuels\LWJGL\jar\lwjgl_util_applet.jar;E:\Development\JavaWorkspace\MultiplayerDuels\LWJGL\jar\lwjgl_util.jar;E:\Development\JavaWorkspace\MultiplayerDuels\LWJGL\jar\lwjgl-debug.jar;E:\Development\JavaWorkspace\MultiplayerDuels\LWJGL\jar\lwjgl.jar;E:\Development\JavaWorkspace\MultiplayerDuels\LWJGL\jar\lzma.jar;E:\Development\JavaWorkspace\MultiplayerDuels\LWJGL\PNGDecoder.jar;E:\Development\JavaWorkspace\MultiplayerDuels\LWJGL\slick-util.jar
Launcher Type: SUN_STANDARD

Environment Variables:
PATH=C:\ProgramData\Oracle\Java\javapath;C:\Program Files (x86)\NVIDIA Corporation\PhysX\Common;C:\Windows\system32;C:\Windows;C:\Windows\System32\Wbem;C:\Windows\System32\WindowsPowerShell\v1.0\;C:\Program Files\Microsoft SQL Server\110\Tools\Binn\
USERNAME=BlueForce
OS=Windows_NT
PROCESSOR_IDENTIFIER=AMD64 Family 16 Model 6 Stepping 3, AuthenticAMD



---------------  S Y S T E M  ---------------

OS: Windows 7 , 64 bit Build 7601 Service Pack 1

CPU:total 2 (2 cores per cpu, 1 threads per core) family 16 model 6 stepping 3, cmov, cx8, fxsr, mmx, sse, sse2, sse3, popcnt, mmxext, 3dnowpref, lzcnt, sse4a, tsc, tscinvbit, tscinv

Memory: 4k page, physical 6289460k(2516964k free), swap 12577072k(7888696k free)

vm_info: Java HotSpot(TM) 64-Bit Server VM (25.25-b02) for windows-amd64 JRE (1.8.0_25-b18), built on Oct  7 2014 14:25:37 by "java_re" with MS VC++ 10.0 (VS2010)

time: Sat Nov 15 12:25:55 2014
elapsed time: 3 seconds (0d 0h 0m 3s)

